2020-01-03 19:46:31,929 INFO com.movies.authentication.MoviesApplication [main] Starting MoviesApplication on lucas-PC with PID 5296 (D:\work\workspaces\micro-auth-sample\movies-authentication\target\classes started by lucas in D:\work\workspaces\micro-auth-sample\movies-authentication)
2020-01-03 19:46:31,931 INFO com.movies.authentication.MoviesApplication [main] No active profile set, falling back to default profiles: default
2020-01-03 19:46:32,000 INFO org.springframework.boot.web.servlet.context.AnnotationConfigServletWebServerApplicationContext [main] Refreshing org.springframework.boot.web.servlet.context.AnnotationConfigServletWebServerApplicationContext@1b1473ab: startup date [Fri Jan 03 19:46:31 GMT 2020]; root of context hierarchy
2020-01-03 19:46:33,082 INFO org.springframework.context.support.PostProcessorRegistrationDelegate$BeanPostProcessorChecker [main] Bean 'org.springframework.transaction.annotation.ProxyTransactionManagementConfiguration' of type [org.springframework.transaction.annotation.ProxyTransactionManagementConfiguration$$EnhancerBySpringCGLIB$$a5e1add2] is not eligible for getting processed by all BeanPostProcessors (for example: not eligible for auto-proxying)
2020-01-03 19:46:33,129 INFO org.springframework.context.support.PostProcessorRegistrationDelegate$BeanPostProcessorChecker [main] Bean 'org.springframework.security.config.annotation.method.configuration.Jsr250MetadataSourceConfiguration' of type [org.springframework.security.config.annotation.method.configuration.Jsr250MetadataSourceConfiguration$$EnhancerBySpringCGLIB$$88b930d4] is not eligible for getting processed by all BeanPostProcessors (for example: not eligible for auto-proxying)
2020-01-03 19:46:33,134 INFO org.springframework.context.support.PostProcessorRegistrationDelegate$BeanPostProcessorChecker [main] Bean 'jsr250MethodSecurityMetadataSource' of type [org.springframework.security.access.annotation.Jsr250MethodSecurityMetadataSource] is not eligible for getting processed by all BeanPostProcessors (for example: not eligible for auto-proxying)
2020-01-03 19:46:33,138 INFO org.springframework.context.support.PostProcessorRegistrationDelegate$BeanPostProcessorChecker [main] Bean 'org.springframework.security.config.annotation.configuration.ObjectPostProcessorConfiguration' of type [org.springframework.security.config.annotation.configuration.ObjectPostProcessorConfiguration$$EnhancerBySpringCGLIB$$3e8f760c] is not eligible for getting processed by all BeanPostProcessors (for example: not eligible for auto-proxying)
2020-01-03 19:46:33,144 INFO org.springframework.context.support.PostProcessorRegistrationDelegate$BeanPostProcessorChecker [main] Bean 'objectPostProcessor' of type [org.springframework.security.config.annotation.configuration.AutowireBeanFactoryObjectPostProcessor] is not eligible for getting processed by all BeanPostProcessors (for example: not eligible for auto-proxying)
2020-01-03 19:46:33,145 INFO org.springframework.context.support.PostProcessorRegistrationDelegate$BeanPostProcessorChecker [main] Bean 'org.springframework.security.access.expression.method.DefaultMethodSecurityExpressionHandler@53bc1328' of type [org.springframework.security.access.expression.method.DefaultMethodSecurityExpressionHandler] is not eligible for getting processed by all BeanPostProcessors (for example: not eligible for auto-proxying)
2020-01-03 19:46:33,148 INFO org.springframework.context.support.PostProcessorRegistrationDelegate$BeanPostProcessorChecker [main] Bean 'org.springframework.security.config.annotation.method.configuration.GlobalMethodSecurityConfiguration' of type [org.springframework.security.config.annotation.method.configuration.GlobalMethodSecurityConfiguration$$EnhancerBySpringCGLIB$$636418be] is not eligible for getting processed by all BeanPostProcessors (for example: not eligible for auto-proxying)
2020-01-03 19:46:33,157 INFO org.springframework.context.support.PostProcessorRegistrationDelegate$BeanPostProcessorChecker [main] Bean 'methodSecurityMetadataSource' of type [org.springframework.security.access.method.DelegatingMethodSecurityMetadataSource] is not eligible for getting processed by all BeanPostProcessors (for example: not eligible for auto-proxying)
2020-01-03 19:46:33,594 INFO org.springframework.boot.web.embedded.tomcat.TomcatWebServer [main] Tomcat initialized with port(s): 8887 (http)
2020-01-03 19:46:33,618 INFO org.apache.catalina.core.StandardService [main] Starting service [Tomcat]
2020-01-03 19:46:33,619 INFO org.apache.catalina.core.StandardEngine [main] Starting Servlet Engine: Apache Tomcat/8.5.32
2020-01-03 19:46:33,640 INFO org.apache.catalina.core.AprLifecycleListener [localhost-startStop-1] The APR based Apache Tomcat Native library which allows optimal performance in production environments was not found on the java.library.path: [C:\Program Files\Java\jdk1.8.0_151\bin;C:\Windows\Sun\Java\bin;C:\Windows\system32;C:\Windows;C:/Program Files/Java/jre1.8.0_151/bin/server;C:/Program Files/Java/jre1.8.0_151/bin;C:/Program Files/Java/jre1.8.0_151/lib/amd64;C:\ProgramData\Oracle\Java\javapath;C:\Windows\system32;C:\Windows;C:\Windows\System32\Wbem;C:\Windows\System32\WindowsPowerShell\v1.0\;C:\Program Files\Intel\WiFi\bin\;C:\Program Files\Common Files\Intel\WirelessCommon\;C:\Program Files\nodejs\;C:\Program Files (x86)\QuickTime\QTSystem\;D:\work\apache-maven-3.6.2\\BIN;C:\Program Files\Portugal Identity Card\;C:\Program Files\Git\cmd;D:\work\apps\Vagrant\bin;C:\Program Files\MySQL\MySQL Shell 8.0\bin\;C:\Program Files\Intel\WiFi\bin\;C:\Program Files\Common Files\Intel\WirelessCommon\;C:\Users\lucas\AppData\Local\Programs\Microsoft VS Code\bin;C:\Users\lucas\AppData\Roaming\npm;D:\work\apps;D:\work\apps\Kubernetes\Minikube;D:\work\apps\Docker Toolbox;D:\work\apps\Docker Toolbox;D:\sts-bundle\sts-3.9.4.RELEASE;;.]
2020-01-03 19:46:33,715 INFO org.apache.catalina.core.ContainerBase.[Tomcat].[localhost].[/] [localhost-startStop-1] Initializing Spring embedded WebApplicationContext
2020-01-03 19:46:33,715 INFO org.springframework.web.context.ContextLoader [localhost-startStop-1] Root WebApplicationContext: initialization completed in 1716 ms
2020-01-03 19:46:34,091 INFO com.zaxxer.hikari.HikariDataSource [localhost-startStop-1] HikariPool-1 - Starting...
2020-01-03 19:46:34,385 INFO com.zaxxer.hikari.HikariDataSource [localhost-startStop-1] HikariPool-1 - Start completed.
2020-01-03 19:46:34,443 INFO org.springframework.orm.jpa.LocalContainerEntityManagerFactoryBean [localhost-startStop-1] Building JPA container EntityManagerFactory for persistence unit 'default'
2020-01-03 19:46:34,482 INFO org.hibernate.jpa.internal.util.LogHelper [localhost-startStop-1] HHH000204: Processing PersistenceUnitInfo [
	name: default
	...]
2020-01-03 19:46:34,684 INFO org.hibernate.Version [localhost-startStop-1] HHH000412: Hibernate Core {5.2.17.Final}
2020-01-03 19:46:34,685 INFO org.hibernate.cfg.Environment [localhost-startStop-1] HHH000206: hibernate.properties not found
2020-01-03 19:46:34,772 INFO org.hibernate.annotations.common.Version [localhost-startStop-1] HCANN000001: Hibernate Commons Annotations {5.0.1.Final}
2020-01-03 19:46:35,005 INFO org.hibernate.dialect.Dialect [localhost-startStop-1] HHH000400: Using dialect: org.hibernate.dialect.MySQL5InnoDBDialect
2020-01-03 19:46:35,019 INFO org.hibernate.engine.jdbc.env.internal.LobCreatorBuilderImpl [localhost-startStop-1] HHH000422: Disabling contextual LOB creation as connection was null
2020-01-03 19:46:41,511 INFO org.springframework.orm.jpa.LocalContainerEntityManagerFactoryBean [localhost-startStop-1] Initialized JPA EntityManagerFactory for persistence unit 'default'
2020-01-03 19:46:42,130 INFO org.springframework.boot.web.servlet.FilterRegistrationBean [localhost-startStop-1] Mapping filter: 'characterEncodingFilter' to: [/*]
2020-01-03 19:46:42,130 INFO org.springframework.boot.web.servlet.FilterRegistrationBean [localhost-startStop-1] Mapping filter: 'hiddenHttpMethodFilter' to: [/*]
2020-01-03 19:46:42,130 INFO org.springframework.boot.web.servlet.FilterRegistrationBean [localhost-startStop-1] Mapping filter: 'httpPutFormContentFilter' to: [/*]
2020-01-03 19:46:42,131 INFO org.springframework.boot.web.servlet.FilterRegistrationBean [localhost-startStop-1] Mapping filter: 'requestContextFilter' to: [/*]
2020-01-03 19:46:42,131 INFO org.springframework.boot.web.servlet.DelegatingFilterProxyRegistrationBean [localhost-startStop-1] Mapping filter: 'springSecurityFilterChain' to: [/*]
2020-01-03 19:46:42,131 INFO org.springframework.boot.web.servlet.FilterRegistrationBean [localhost-startStop-1] Mapping filter: 'jwtAuthenticationFilter' to: [/*]
2020-01-03 19:46:42,131 INFO org.springframework.boot.web.servlet.ServletRegistrationBean [localhost-startStop-1] Servlet dispatcherServlet mapped to [/]
2020-01-03 19:46:42,487 INFO org.springframework.web.servlet.handler.SimpleUrlHandlerMapping [main] Mapped URL path [/**/favicon.ico] onto handler of type [class org.springframework.web.servlet.resource.ResourceHttpRequestHandler]
2020-01-03 19:46:42,498 WARN org.springframework.boot.autoconfigure.orm.jpa.JpaBaseConfiguration$JpaWebConfiguration$JpaWebMvcConfiguration [main] spring.jpa.open-in-view is enabled by default. Therefore, database queries may be performed during view rendering. Explicitly configure spring.jpa.open-in-view to disable this warning
2020-01-03 19:46:42,552 INFO org.springframework.web.servlet.mvc.method.annotation.RequestMappingHandlerMapping [main] Mapped "{[/user],methods=[POST],consumes=[application/json]}" onto public org.springframework.http.ResponseEntity<com.movies.authentication.entity.User> com.movies.authentication.resource.UserResource.createUser(com.movies.authentication.dto.SignUpRequest)
2020-01-03 19:46:42,553 INFO org.springframework.web.servlet.mvc.method.annotation.RequestMappingHandlerMapping [main] Mapped "{[/user/signin],methods=[POST],consumes=[application/json]}" onto public org.springframework.http.ResponseEntity<?> com.movies.authentication.resource.UserResource.signInUser(com.movies.authentication.dto.SignUpRequest)
2020-01-03 19:46:42,553 INFO org.springframework.web.servlet.mvc.method.annotation.RequestMappingHandlerMapping [main] Mapped "{[/user/delete/{id}],methods=[GET]}" onto public org.springframework.http.ResponseEntity<com.movies.authentication.entity.User> com.movies.authentication.resource.UserResource.deleteUser(java.lang.Long)
2020-01-03 19:46:42,556 INFO org.springframework.web.servlet.mvc.method.annotation.RequestMappingHandlerMapping [main] Mapped "{[/error]}" onto public org.springframework.http.ResponseEntity<java.util.Map<java.lang.String, java.lang.Object>> org.springframework.boot.autoconfigure.web.servlet.error.BasicErrorController.error(javax.servlet.http.HttpServletRequest)
2020-01-03 19:46:42,556 INFO org.springframework.web.servlet.mvc.method.annotation.RequestMappingHandlerMapping [main] Mapped "{[/error],produces=[text/html]}" onto public org.springframework.web.servlet.ModelAndView org.springframework.boot.autoconfigure.web.servlet.error.BasicErrorController.errorHtml(javax.servlet.http.HttpServletRequest,javax.servlet.http.HttpServletResponse)
2020-01-03 19:46:42,594 INFO org.springframework.web.servlet.handler.SimpleUrlHandlerMapping [main] Mapped URL path [/webjars/**] onto handler of type [class org.springframework.web.servlet.resource.ResourceHttpRequestHandler]
2020-01-03 19:46:42,594 INFO org.springframework.web.servlet.handler.SimpleUrlHandlerMapping [main] Mapped URL path [/**] onto handler of type [class org.springframework.web.servlet.resource.ResourceHttpRequestHandler]
2020-01-03 19:46:42,624 INFO org.springframework.security.web.DefaultSecurityFilterChain [main] Creating filter chain: org.springframework.security.web.util.matcher.AnyRequestMatcher@1, [org.springframework.security.web.context.request.async.WebAsyncManagerIntegrationFilter@314ed053, org.springframework.security.web.context.SecurityContextPersistenceFilter@1eaf1e62, org.springframework.security.web.header.HeaderWriterFilter@6b68cb27, org.springframework.web.filter.CorsFilter@35088e87, org.springframework.security.web.authentication.logout.LogoutFilter@3be4f71, com.movies.authentication.security.JwtAuthenticationFilter@78aa8678, org.springframework.security.web.savedrequest.RequestCacheAwareFilter@62e6a3ec, org.springframework.security.web.servletapi.SecurityContextHolderAwareRequestFilter@47d7bfb3, org.springframework.security.web.authentication.AnonymousAuthenticationFilter@486bc9a4, org.springframework.security.web.session.SessionManagementFilter@6e1f8469, org.springframework.security.web.access.ExceptionTranslationFilter@6dd91637, org.springframework.security.web.access.intercept.FilterSecurityInterceptor@27d57a2c]
2020-01-03 19:46:42,862 INFO org.springframework.web.servlet.mvc.method.annotation.RequestMappingHandlerAdapter [main] Looking for @ControllerAdvice: org.springframework.boot.web.servlet.context.AnnotationConfigServletWebServerApplicationContext@1b1473ab: startup date [Fri Jan 03 19:46:31 GMT 2020]; root of context hierarchy
2020-01-03 19:46:43,408 INFO org.springframework.jmx.export.annotation.AnnotationMBeanExporter [main] Registering beans for JMX exposure on startup
2020-01-03 19:46:43,410 INFO org.springframework.jmx.export.annotation.AnnotationMBeanExporter [main] Bean with name 'dataSource' has been autodetected for JMX exposure
2020-01-03 19:46:43,415 INFO org.springframework.jmx.export.annotation.AnnotationMBeanExporter [main] Located MBean 'dataSource': registering with JMX server as MBean [com.zaxxer.hikari:name=dataSource,type=HikariDataSource]
2020-01-03 19:46:43,909 INFO org.springframework.boot.web.embedded.tomcat.TomcatWebServer [main] Tomcat started on port(s): 8887 (http) with context path ''
2020-01-03 19:46:43,912 INFO com.movies.authentication.MoviesApplication [main] Started MoviesApplication in 12.37 seconds (JVM running for 13.659)
2020-01-03 19:46:47,365 INFO org.springframework.boot.admin.SpringApplicationAdminMXBeanRegistrar$SpringApplicationAdmin [RMI TCP Connection(3)-127.0.0.1] Application shutdown requested.
2020-01-03 19:46:47,365 INFO org.springframework.boot.admin.SpringApplicationAdminMXBeanRegistrar$SpringApplicationAdmin [RMI TCP Connection(2)-127.0.0.1] Application shutdown requested.
2020-01-03 19:46:47,366 INFO org.springframework.boot.web.servlet.context.AnnotationConfigServletWebServerApplicationContext [RMI TCP Connection(3)-127.0.0.1] Closing org.springframework.boot.web.servlet.context.AnnotationConfigServletWebServerApplicationContext@1b1473ab: startup date [Fri Jan 03 19:46:31 GMT 2020]; root of context hierarchy
2020-01-03 19:46:47,368 INFO org.springframework.jmx.export.annotation.AnnotationMBeanExporter [RMI TCP Connection(3)-127.0.0.1] Unregistering JMX-exposed beans on shutdown
2020-01-03 19:46:47,368 INFO org.springframework.jmx.export.annotation.AnnotationMBeanExporter [RMI TCP Connection(3)-127.0.0.1] Unregistering JMX-exposed beans
2020-01-03 19:46:47,371 INFO org.springframework.orm.jpa.LocalContainerEntityManagerFactoryBean [RMI TCP Connection(3)-127.0.0.1] Closing JPA EntityManagerFactory for persistence unit 'default'
2020-01-03 19:46:47,372 INFO com.zaxxer.hikari.HikariDataSource [RMI TCP Connection(3)-127.0.0.1] HikariPool-1 - Shutdown initiated...
2020-01-03 19:46:47,374 INFO com.zaxxer.hikari.HikariDataSource [RMI TCP Connection(3)-127.0.0.1] HikariPool-1 - Shutdown completed.
